<?xml version="1.0" encoding="UTF-8"?>
<testng-results skipped="0" failed="0" total="1" passed="1">
  <reporter-output>
  </reporter-output>
  <suite name="Suite" duration-ms="95" started-at="2018-08-24T15:46:18Z" finished-at="2018-08-24T15:46:19Z">
    <groups>
    </groups>
    <test name="Test" duration-ms="95" started-at="2018-08-24T15:46:18Z" finished-at="2018-08-24T15:46:19Z">
      <class name="PackageOne.ClassOne">
        <test-method status="PASS" signature="valTestNG()[pri:0, instance:PackageOne.ClassOne@1bce4f0a]" name="valTestNG" duration-ms="43" started-at="2018-08-24T21:16:18Z" finished-at="2018-08-24T21:16:19Z">
          <reporter-output>
          </reporter-output>
        </test-method> <!-- valTestNG -->
      </class> <!-- PackageOne.ClassOne -->
    </test> <!-- Test -->
  </suite> <!-- Suite -->
</testng-results>
