<?xml version="1.0" encoding="UTF-8"?>
<testng-results skipped="0" failed="0" total="1" passed="1">
  <reporter-output>
  </reporter-output>
  <suite name="Suite" duration-ms="48" started-at="2018-08-25T17:42:29Z" finished-at="2018-08-25T17:42:29Z">
    <groups>
    </groups>
    <test name="Test" duration-ms="48" started-at="2018-08-25T17:42:29Z" finished-at="2018-08-25T17:42:29Z">
      <class name="PackageOne.ClassOne">
        <test-method status="PASS" signature="valTestNG()[pri:0, instance:PackageOne.ClassOne@3551a94]" name="valTestNG" duration-ms="14" started-at="2018-08-25T23:12:29Z" finished-at="2018-08-25T23:12:29Z">
          <reporter-output>
          </reporter-output>
        </test-method> <!-- valTestNG -->
      </class> <!-- PackageOne.ClassOne -->
    </test> <!-- Test -->
  </suite> <!-- Suite -->
</testng-results>
