<?xml version="1.0" encoding="UTF-8"?>
<testng-results skipped="0" failed="0" ignored="0" total="1" passed="1">
  <reporter-output>
  </reporter-output>
  <suite name="Suite" duration-ms="47" started-at="2018-08-13T09:19:01Z" finished-at="2018-08-13T09:19:01Z">
    <groups>
    </groups>
    <test name="Test" duration-ms="47" started-at="2018-08-13T09:19:01Z" finished-at="2018-08-13T09:19:01Z">
      <class name="pack1.Class1">
        <test-method status="PASS" signature="tc1()[pri:0, instance:pack1.Class1@13c27452]" name="tc1" duration-ms="14" started-at="2018-08-13T09:19:01Z" finished-at="2018-08-13T09:19:01Z">
          <reporter-output>
          </reporter-output>
        </test-method> <!-- tc1 -->
      </class> <!-- pack1.Class1 -->
    </test> <!-- Test -->
  </suite> <!-- Suite -->
</testng-results>
